1656194085152	geckodriver	INFO	Listening on 127.0.0.1:50340
1656194088165	mozrunner::runner	INFO	Running command: "C:\\Program Files\\Mozilla Firefox\\firefox.exe" "--marionette" "-foreground" "-no-remote" "-profile" "c:\\Users\\kha\\AppData\\Local\\robocorp\\temp\\4d65822107fce29a\\rust_mozprofile54nboU"
1656194088513	Marionette	INFO	Marionette enabled
console.warn: SearchSettings: "get: No settings file exists, new profile?" (new NotFoundError("Could not open the file at c:\\Users\\kha\\AppData\\Local\\robocorp\\temp\\4d65822107fce29a\\rust_mozprofile54nboU\\search.json.mozlz4", (void 0)))
1656194090405	Marionette	INFO	Listening on port 50348
1656194090841	RemoteAgent	WARN	TLS certificate errors will be ignored for this session
JavaScript error: resource://gre/modules/XULStore.jsm, line 66: Error: Can't find profile directory.
JavaScript error: resource://gre/modules/XULStore.jsm, line 66: Error: Can't find profile directory.
1656194112487	Marionette	INFO	Stopped listening on port 50348
1656194576300	geckodriver	INFO	Listening on 127.0.0.1:56054
1656194579342	mozrunner::runner	INFO	Running command: "C:\\Program Files\\Mozilla Firefox\\firefox.exe" "--marionette" "-foreground" "-no-remote" "-profile" "c:\\Users\\kha\\AppData\\Local\\robocorp\\temp\\4d65822107fcc8d6\\rust_mozprofileQ1adWH"
1656194579673	Marionette	INFO	Marionette enabled
console.warn: SearchSettings: "get: No settings file exists, new profile?" (new NotFoundError("Could not open the file at c:\\Users\\kha\\AppData\\Local\\robocorp\\temp\\4d65822107fcc8d6\\rust_mozprofileQ1adWH\\search.json.mozlz4", (void 0)))
1656194581871	Marionette	INFO	Listening on port 56062
1656194582009	RemoteAgent	WARN	TLS certificate errors will be ignored for this session
JavaScript error: resource://gre/modules/XULStore.jsm, line 66: Error: Can't find profile directory.
JavaScript error: resource://gre/modules/XULStore.jsm, line 66: Error: Can't find profile directory.
1656194604744	Marionette	INFO	Stopped listening on port 56062
1656194692922	geckodriver	INFO	Listening on 127.0.0.1:56151
1656194695948	mozrunner::runner	INFO	Running command: "C:\\Program Files\\Mozilla Firefox\\firefox.exe" "--marionette" "-foreground" "-no-remote" "-profile" "c:\\Users\\kha\\AppData\\Local\\robocorp\\temp\\4d65822107fcde02\\rust_mozprofile8wn1PC"
1656194696277	Marionette	INFO	Marionette enabled
console.warn: SearchSettings: "get: No settings file exists, new profile?" (new NotFoundError("Could not open the file at c:\\Users\\kha\\AppData\\Local\\robocorp\\temp\\4d65822107fcde02\\rust_mozprofile8wn1PC\\search.json.mozlz4", (void 0)))
1656194698393	Marionette	INFO	Listening on port 56159
1656194698610	RemoteAgent	WARN	TLS certificate errors will be ignored for this session
JavaScript error: resource://gre/modules/XULStore.jsm, line 66: Error: Can't find profile directory.
JavaScript error: resource://gre/modules/XULStore.jsm, line 66: Error: Can't find profile directory.
1656194700548	Marionette	WARN	TimedPromise timed out after 500 ms: stacktrace:
TimedPromise/<@chrome://remote/content/marionette/sync.js:235:19
TimedPromise@chrome://remote/content/marionette/sync.js:220:10
interaction.flushEventLoop@chrome://remote/content/marionette/interaction.js:431:10
webdriverClickElement@chrome://remote/content/marionette/interaction.js:179:31
1656194743040	Marionette	INFO	Stopped listening on port 56159

###!!! [Parent][PGPUParent] Error: RunMessage(msgname=PGPU::Msg_ShutdownVR) Channel closing: too late to send/recv, messages will be lost

1656194754231	geckodriver	INFO	Listening on 127.0.0.1:56256
1656194757277	mozrunner::runner	INFO	Running command: "C:\\Program Files\\Mozilla Firefox\\firefox.exe" "--marionette" "-foreground" "-no-remote" "-profile" "c:\\Users\\kha\\AppData\\Local\\robocorp\\temp\\4d65822107fce536\\rust_mozprofile9nFnrG"
1656194757662	Marionette	INFO	Marionette enabled
console.warn: SearchSettings: "get: No settings file exists, new profile?" (new NotFoundError("Could not open the file at c:\\Users\\kha\\AppData\\Local\\robocorp\\temp\\4d65822107fce536\\rust_mozprofile9nFnrG\\search.json.mozlz4", (void 0)))
1656194759535	Marionette	INFO	Listening on port 56264
1656194759949	RemoteAgent	WARN	TLS certificate errors will be ignored for this session
JavaScript error: resource://gre/modules/XULStore.jsm, line 66: Error: Can't find profile directory.
JavaScript error: resource://gre/modules/XULStore.jsm, line 66: Error: Can't find profile directory.
JavaScript error: , line 0: NotFoundError: No such JSWindowActor 'DevToolsFrame'
1656194824103	Marionette	INFO	Stopped listening on port 56264

###!!! [Parent][PGPUParent] Error: RunMessage(msgname=PGPU::Msg_ShutdownVR) Channel closing: too late to send/recv, messages will be lost

1656195200859	geckodriver	INFO	Listening on 127.0.0.1:56438
1656195203908	mozrunner::runner	INFO	Running command: "C:\\Program Files\\Mozilla Firefox\\firefox.exe" "--marionette" "-foreground" "-no-remote" "-profile" "c:\\Users\\kha\\AppData\\Local\\robocorp\\temp\\4d65822107fcf26a\\rust_mozprofile05VOf7"
1656195204360	Marionette	INFO	Marionette enabled
console.warn: SearchSettings: "get: No settings file exists, new profile?" (new NotFoundError("Could not open the file at c:\\Users\\kha\\AppData\\Local\\robocorp\\temp\\4d65822107fcf26a\\rust_mozprofile05VOf7\\search.json.mozlz4", (void 0)))
1656195206400	Marionette	INFO	Listening on port 56446
1656195206556	RemoteAgent	WARN	TLS certificate errors will be ignored for this session
JavaScript error: resource://gre/modules/XULStore.jsm, line 66: Error: Can't find profile directory.
JavaScript error: resource://gre/modules/XULStore.jsm, line 66: Error: Can't find profile directory.
1656195208321	Marionette	WARN	TimedPromise timed out after 500 ms: stacktrace:
TimedPromise/<@chrome://remote/content/marionette/sync.js:235:19
TimedPromise@chrome://remote/content/marionette/sync.js:220:10
interaction.flushEventLoop@chrome://remote/content/marionette/interaction.js:431:10
webdriverClickElement@chrome://remote/content/marionette/interaction.js:179:31
1656195209296	Marionette	WARN	TimedPromise timed out after 500 ms: stacktrace:
TimedPromise/<@chrome://remote/content/marionette/sync.js:235:19
TimedPromise@chrome://remote/content/marionette/sync.js:220:10
interaction.flushEventLoop@chrome://remote/content/marionette/interaction.js:431:10
webdriverClickElement@chrome://remote/content/marionette/interaction.js:179:31
1656195233838	Marionette	INFO	Stopped listening on port 56446
[Parent 11880, IPC I/O Parent] WARNING: file /builds/worker/checkouts/gecko/ipc/chromium/src/base/process_util_win.cc:167
1656195473534	geckodriver	INFO	Listening on 127.0.0.1:56562
1656195476558	mozrunner::runner	INFO	Running command: "C:\\Program Files\\Mozilla Firefox\\firefox.exe" "--marionette" "-foreground" "-no-remote" "-profile" "c:\\Users\\kha\\AppData\\Local\\robocorp\\temp\\4d65822107fcf60a\\rust_mozprofileOq4BNl"
1656195476885	Marionette	INFO	Marionette enabled
console.warn: SearchSettings: "get: No settings file exists, new profile?" (new NotFoundError("Could not open the file at c:\\Users\\kha\\AppData\\Local\\robocorp\\temp\\4d65822107fcf60a\\rust_mozprofileOq4BNl\\search.json.mozlz4", (void 0)))
1656195478791	Marionette	INFO	Listening on port 56570
1656195479233	RemoteAgent	WARN	TLS certificate errors will be ignored for this session
JavaScript error: resource://gre/modules/XULStore.jsm, line 66: Error: Can't find profile directory.
JavaScript error: resource://gre/modules/XULStore.jsm, line 66: Error: Can't find profile directory.
1656195603908	Marionette	INFO	Stopped listening on port 56570
1656195612863	geckodriver	INFO	Listening on 127.0.0.1:56668
1656195615914	mozrunner::runner	INFO	Running command: "C:\\Program Files\\Mozilla Firefox\\firefox.exe" "--marionette" "-foreground" "-no-remote" "-profile" "c:\\Users\\kha\\AppData\\Local\\robocorp\\temp\\4d65822107fcd7ba\\rust_mozprofileQM8LQn"
1656195616246	Marionette	INFO	Marionette enabled
console.warn: SearchSettings: "get: No settings file exists, new profile?" (new NotFoundError("Could not open the file at c:\\Users\\kha\\AppData\\Local\\robocorp\\temp\\4d65822107fcd7ba\\rust_mozprofileQM8LQn\\search.json.mozlz4", (void 0)))
1656195618320	Marionette	INFO	Listening on port 56676
1656195618576	RemoteAgent	WARN	TLS certificate errors will be ignored for this session
JavaScript error: resource://gre/modules/XULStore.jsm, line 66: Error: Can't find profile directory.
JavaScript error: resource://gre/modules/XULStore.jsm, line 66: Error: Can't find profile directory.
console.warn: LoginRecipes: "getRecipes: falling back to a synchronous message for:" "https://robotsparebinindustries.com"
console.warn: LoginRecipes: "getRecipes: falling back to a synchronous message for:" "https://robotsparebinindustries.com"
console.warn: LoginRecipes: "getRecipes: falling back to a synchronous message for:" "https://robotsparebinindustries.com"
console.warn: LoginRecipes: "getRecipes: falling back to a synchronous message for:" "https://robotsparebinindustries.com"
1656195761029	Marionette	INFO	Stopped listening on port 56676
[Parent 13900, IPC I/O Parent] WARNING: file /builds/worker/checkouts/gecko/ipc/chromium/src/base/process_util_win.cc:167
1656195776267	geckodriver	INFO	Listening on 127.0.0.1:56849
1656195779305	mozrunner::runner	INFO	Running command: "C:\\Program Files\\Mozilla Firefox\\firefox.exe" "--marionette" "-foreground" "-no-remote" "-profile" "c:\\Users\\kha\\AppData\\Local\\robocorp\\temp\\4d65822107fceb3a\\rust_mozprofilejsBHIS"
1656195779607	Marionette	INFO	Marionette enabled
console.warn: SearchSettings: "get: No settings file exists, new profile?" (new NotFoundError("Could not open the file at c:\\Users\\kha\\AppData\\Local\\robocorp\\temp\\4d65822107fceb3a\\rust_mozprofilejsBHIS\\search.json.mozlz4", (void 0)))
1656195781677	Marionette	INFO	Listening on port 56858
1656195781959	RemoteAgent	WARN	TLS certificate errors will be ignored for this session
JavaScript error: resource://gre/modules/XULStore.jsm, line 66: Error: Can't find profile directory.
JavaScript error: resource://gre/modules/XULStore.jsm, line 66: Error: Can't find profile directory.
console.warn: LoginRecipes: "getRecipes: falling back to a synchronous message for:" "https://robotsparebinindustries.com"
console.warn: LoginRecipes: "getRecipes: falling back to a synchronous message for:" "https://robotsparebinindustries.com"
JavaScript error: , line 0: NotFoundError: No such JSWindowActor 'DevToolsFrame'
JavaScript error: resource://gre/modules/AsyncShutdown.jsm, line 575: NotFoundError: No such JSWindowActor 'DevToolsFrame'
1656196366818	Marionette	INFO	Stopped listening on port 56858
1656196904497	geckodriver	INFO	Listening on 127.0.0.1:57088
1656196907523	mozrunner::runner	INFO	Running command: "C:\\Program Files\\Mozilla Firefox\\firefox.exe" "--marionette" "-foreground" "-no-remote" "-profile" "c:\\Users\\kha\\AppData\\Local\\robocorp\\temp\\4d65822107fce3fa\\rust_mozprofilehow4Y9"
1656196907864	Marionette	INFO	Marionette enabled
console.warn: SearchSettings: "get: No settings file exists, new profile?" (new NotFoundError("Could not open the file at c:\\Users\\kha\\AppData\\Local\\robocorp\\temp\\4d65822107fce3fa\\rust_mozprofilehow4Y9\\search.json.mozlz4", (void 0)))
1656196909811	Marionette	INFO	Listening on port 57098
1656196910194	RemoteAgent	WARN	TLS certificate errors will be ignored for this session
JavaScript error: resource://gre/modules/XULStore.jsm, line 66: Error: Can't find profile directory.
JavaScript error: resource://gre/modules/XULStore.jsm, line 66: Error: Can't find profile directory.
console.warn: LoginRecipes: "getRecipes: falling back to a synchronous message for:" "https://robotsparebinindustries.com"
console.warn: LoginRecipes: "getRecipes: falling back to a synchronous message for:" "https://robotsparebinindustries.com"
console.warn: LoginRecipes: "getRecipes: falling back to a synchronous message for:" "https://robotsparebinindustries.com"
console.warn: LoginRecipes: "getRecipes: falling back to a synchronous message for:" "https://robotsparebinindustries.com"
console.warn: LoginRecipes: "getRecipes: falling back to a synchronous message for:" "https://robotsparebinindustries.com"
console.warn: LoginRecipes: "getRecipes: falling back to a synchronous message for:" "https://robotsparebinindustries.com"
console.warn: LoginRecipes: "getRecipes: falling back to a synchronous message for:" "https://robotsparebinindustries.com"
console.warn: LoginRecipes: "getRecipes: falling back to a synchronous message for:" "https://robotsparebinindustries.com"
console.warn: LoginRecipes: "getRecipes: falling back to a synchronous message for:" "https://robotsparebinindustries.com"
console.warn: LoginRecipes: "getRecipes: falling back to a synchronous message for:" "https://robotsparebinindustries.com"
console.warn: LoginRecipes: "getRecipes: falling back to a synchronous message for:" "https://robotsparebinindustries.com"
console.warn: LoginRecipes: "getRecipes: falling back to a synchronous message for:" "https://robotsparebinindustries.com"
console.warn: LoginRecipes: "getRecipes: falling back to a synchronous message for:" "https://robotsparebinindustries.com"
console.warn: LoginRecipes: "getRecipes: falling back to a synchronous message for:" "https://robotsparebinindustries.com"
console.warn: LoginRecipes: "getRecipes: falling back to a synchronous message for:" "https://robotsparebinindustries.com"
console.warn: LoginRecipes: "getRecipes: falling back to a synchronous message for:" "https://robotsparebinindustries.com"
JavaScript error: resource://gre/modules/AsyncShutdown.jsm, line 575: NotFoundError: No such JSWindowActor 'DevToolsFrame'
1656197116009	Marionette	INFO	Stopped listening on port 57098
1656197127095	geckodriver	INFO	Listening on 127.0.0.1:57201
1656197130137	mozrunner::runner	INFO	Running command: "C:\\Program Files\\Mozilla Firefox\\firefox.exe" "--marionette" "-foreground" "-no-remote" "-profile" "c:\\Users\\kha\\AppData\\Local\\robocorp\\temp\\4d65822107fce012\\rust_mozprofilekClt6X"
1656197130489	Marionette	INFO	Marionette enabled
console.warn: SearchSettings: "get: No settings file exists, new profile?" (new NotFoundError("Could not open the file at c:\\Users\\kha\\AppData\\Local\\robocorp\\temp\\4d65822107fce012\\rust_mozprofilekClt6X\\search.json.mozlz4", (void 0)))
1656197132616	Marionette	INFO	Listening on port 57209
1656197132793	RemoteAgent	WARN	TLS certificate errors will be ignored for this session
JavaScript error: resource://gre/modules/XULStore.jsm, line 66: Error: Can't find profile directory.
JavaScript error: resource://gre/modules/XULStore.jsm, line 66: Error: Can't find profile directory.
console.warn: LoginRecipes: "getRecipes: falling back to a synchronous message for:" "https://robotsparebinindustries.com"
1656197191265	Marionette	INFO	Stopped listening on port 57209
1656197201659	geckodriver	INFO	Listening on 127.0.0.1:57295
1656197204707	mozrunner::runner	INFO	Running command: "C:\\Program Files\\Mozilla Firefox\\firefox.exe" "--marionette" "-foreground" "-no-remote" "-profile" "c:\\Users\\kha\\AppData\\Local\\robocorp\\temp\\4d65822107fcec42\\rust_mozprofileAxLmla"
1656197205039	Marionette	INFO	Marionette enabled
console.warn: SearchSettings: "get: No settings file exists, new profile?" (new NotFoundError("Could not open the file at c:\\Users\\kha\\AppData\\Local\\robocorp\\temp\\4d65822107fcec42\\rust_mozprofileAxLmla\\search.json.mozlz4", (void 0)))
1656197206923	Marionette	INFO	Listening on port 57303
1656197207383	RemoteAgent	WARN	TLS certificate errors will be ignored for this session
JavaScript error: resource://gre/modules/XULStore.jsm, line 66: Error: Can't find profile directory.
JavaScript error: resource://gre/modules/XULStore.jsm, line 66: Error: Can't find profile directory.
console.warn: LoginRecipes: "getRecipes: falling back to a synchronous message for:" "https://robotsparebinindustries.com"
console.warn: LoginRecipes: "getRecipes: falling back to a synchronous message for:" "https://robotsparebinindustries.com"
JavaScript error: resource://gre/modules/AsyncShutdown.jsm, line 575: NotFoundError: No such JSWindowActor 'DevToolsFrame'
1656197833555	Marionette	INFO	Stopped listening on port 57303
1656197843736	geckodriver	INFO	Listening on 127.0.0.1:57439
1656197846769	mozrunner::runner	INFO	Running command: "C:\\Program Files\\Mozilla Firefox\\firefox.exe" "--marionette" "-foreground" "-no-remote" "-profile" "c:\\Users\\kha\\AppData\\Local\\robocorp\\temp\\4d65822107fcf2d2\\rust_mozprofileBuckxk"
1656197847102	Marionette	INFO	Marionette enabled
console.warn: SearchSettings: "get: No settings file exists, new profile?" (new NotFoundError("Could not open the file at c:\\Users\\kha\\AppData\\Local\\robocorp\\temp\\4d65822107fcf2d2\\rust_mozprofileBuckxk\\search.json.mozlz4", (void 0)))
1656197848947	Marionette	INFO	Listening on port 57448
1656197849439	RemoteAgent	WARN	TLS certificate errors will be ignored for this session
JavaScript error: resource://gre/modules/XULStore.jsm, line 66: Error: Can't find profile directory.
JavaScript error: resource://gre/modules/XULStore.jsm, line 66: Error: Can't find profile directory.
console.warn: LoginRecipes: "getRecipes: falling back to a synchronous message for:" "https://robotsparebinindustries.com"
console.warn: LoginRecipes: "getRecipes: falling back to a synchronous message for:" "https://robotsparebinindustries.com"
1656197864177	Marionette	INFO	Stopped listening on port 57448

###!!! [Parent][PGPUParent] Error: RunMessage(msgname=PGPU::Msg_ShutdownVR) Channel closing: too late to send/recv, messages will be lost

1656198119757	geckodriver	INFO	Listening on 127.0.0.1:57547
1656198122781	mozrunner::runner	INFO	Running command: "C:\\Program Files\\Mozilla Firefox\\firefox.exe" "--marionette" "-foreground" "-no-remote" "-profile" "c:\\Users\\kha\\AppData\\Local\\robocorp\\temp\\4d65822107fce53a\\rust_mozprofileuAJE1I"
1656198123147	Marionette	INFO	Marionette enabled
console.warn: SearchSettings: "get: No settings file exists, new profile?" (new NotFoundError("Could not open the file at c:\\Users\\kha\\AppData\\Local\\robocorp\\temp\\4d65822107fce53a\\rust_mozprofileuAJE1I\\search.json.mozlz4", (void 0)))
1656198125249	Marionette	INFO	Listening on port 57556
1656198125435	RemoteAgent	WARN	TLS certificate errors will be ignored for this session
JavaScript error: resource://gre/modules/XULStore.jsm, line 66: Error: Can't find profile directory.
JavaScript error: resource://gre/modules/XULStore.jsm, line 66: Error: Can't find profile directory.
console.warn: LoginRecipes: "getRecipes: falling back to a synchronous message for:" "https://robotsparebinindustries.com"
console.warn: LoginRecipes: "getRecipes: falling back to a synchronous message for:" "https://robotsparebinindustries.com"
console.warn: LoginRecipes: "getRecipes: falling back to a synchronous message for:" "https://robotsparebinindustries.com"
console.warn: LoginRecipes: "getRecipes: falling back to a synchronous message for:" "https://robotsparebinindustries.com"
console.warn: LoginRecipes: "getRecipes: falling back to a synchronous message for:" "https://robotsparebinindustries.com"
console.warn: LoginRecipes: "getRecipes: falling back to a synchronous message for:" "https://robotsparebinindustries.com"
console.warn: LoginRecipes: "getRecipes: falling back to a synchronous message for:" "https://robotsparebinindustries.com"
console.warn: LoginRecipes: "getRecipes: falling back to a synchronous message for:" "https://robotsparebinindustries.com"
JavaScript error: , line 0: NotFoundError: No such JSWindowActor 'DevToolsFrame'
console.warn: LoginRecipes: "getRecipes: falling back to a synchronous message for:" "https://robotsparebinindustries.com"
console.warn: LoginRecipes: "getRecipes: falling back to a synchronous message for:" "https://robotsparebinindustries.com"
console.warn: LoginRecipes: "getRecipes: falling back to a synchronous message for:" "https://robotsparebinindustries.com"
console.warn: LoginRecipes: "getRecipes: falling back to a synchronous message for:" "https://robotsparebinindustries.com"
console.warn: LoginRecipes: "getRecipes: falling back to a synchronous message for:" "https://robotsparebinindustries.com"
console.warn: LoginRecipes: "getRecipes: falling back to a synchronous message for:" "https://robotsparebinindustries.com"
console.warn: LoginRecipes: "getRecipes: falling back to a synchronous message for:" "https://robotsparebinindustries.com"
console.warn: LoginRecipes: "getRecipes: falling back to a synchronous message for:" "https://robotsparebinindustries.com"
1656198200724	Marionette	INFO	Stopped listening on port 57556
1656198218830	geckodriver	INFO	Listening on 127.0.0.1:57645
1656198221875	mozrunner::runner	INFO	Running command: "C:\\Program Files\\Mozilla Firefox\\firefox.exe" "--marionette" "-foreground" "-no-remote" "-profile" "c:\\Users\\kha\\AppData\\Local\\robocorp\\temp\\4d65822107fcc8de\\rust_mozprofileWUnkyD"
1656198222213	Marionette	INFO	Marionette enabled
console.warn: SearchSettings: "get: No settings file exists, new profile?" (new NotFoundError("Could not open the file at c:\\Users\\kha\\AppData\\Local\\robocorp\\temp\\4d65822107fcc8de\\rust_mozprofileWUnkyD\\search.json.mozlz4", (void 0)))
1656198224146	Marionette	INFO	Listening on port 57654
1656198224530	RemoteAgent	WARN	TLS certificate errors will be ignored for this session
JavaScript error: resource://gre/modules/XULStore.jsm, line 66: Error: Can't find profile directory.
JavaScript error: resource://gre/modules/XULStore.jsm, line 66: Error: Can't find profile directory.
console.warn: LoginRecipes: "getRecipes: falling back to a synchronous message for:" "https://robotsparebinindustries.com"
console.warn: LoginRecipes: "getRecipes: falling back to a synchronous message for:" "https://robotsparebinindustries.com"
console.warn: LoginRecipes: "getRecipes: falling back to a synchronous message for:" "https://robotsparebinindustries.com"
console.warn: LoginRecipes: "getRecipes: falling back to a synchronous message for:" "https://robotsparebinindustries.com"
1656198416781	Marionette	INFO	Stopped listening on port 57654
6198407967	mozrunner::runner	INFO	Running command: "C:\\Program Files\\Mozilla Firefox\\firefox.exe" "--marionette" "-foreground" "-no-remote" "-profile" "c:\\Users\\kha\\AppData\\Local\\robocorp\\temp\\4d65822107fce0aa\\rust_mozprofilerhcEt3"
1656198408342	Marionette	INFO	Marionette enabled
console.warn: SearchSettings: "get: No settings file exists, new profile?" (new NotFoundError("Could not open the file at c:\\Users\\kha\\AppData\\Local\\robocorp\\temp\\4d65822107fce0aa\\rust_mozprofilerhcEt3\\search.json.mozlz4", (void 0)))
1656198410307	Marionette	INFO	Listening on port 57764
1656198410629	RemoteAgent	WARN	TLS certificate errors will be ignored for this session
JavaScript error: resource://gre/modules/XULStore.jsm, line 66: Error: Can't find profile directory.
JavaScript error: resource://gre/modules/XULStore.jsm, line 66: Error: Can't find profile directory.
1656198412182	Marionette	WARN	TimedPromise timed out after 500 ms: stacktrace:
TimedPromise/<@chrome://remote/content/marionette/sync.js:235:19
TimedPromise@chrome://remote/content/marionette/sync.js:220:10
interaction.flushEventLoop@chrome://remote/content/marionette/interaction.js:431:10
webdriverClickElement@chrome://remote/content/marionette/interaction.js:179:31
console.warn: LoginRecipes: "getRecipes: falling back to a synchronous message for:" "https://robotsparebinindustries.com"
1656198413427	Marionette	WARN	TimedPromise timed out after 500 ms: stacktrace:
TimedPromise/<@chrome://remote/content/marionette/sync.js:235:19
TimedPromise@chrome://remote/content/marionette/sync.js:220:10
interaction.flushEventLoop@chrome://remote/content/marionette/interaction.js:431:10
webdriverClickElement@chrome://remote/content/marionette/interaction.js:179:31
console.warn: LoginRecipes: "getRecipes: falling back to a synchronous message for:" "https://robotsparebinindustries.com"
1656198419440	Marionette	INFO	Stopped listening on port 57764
1656198437585	geckodriver	INFO	Listening on 127.0.0.1:57851
1656198440638	mozrunner::runner	INFO	Running command: "C:\\Program Files\\Mozilla Firefox\\firefox.exe" "--marionette" "-foreground" "-no-remote" "-profile" "c:\\Users\\kha\\AppData\\Local\\robocorp\\temp\\4d65822107fcf03a\\rust_mozprofilexCPqGJ"
1656198440957	Marionette	INFO	Marionette enabled
console.warn: SearchSettings: "get: No settings file exists, new profile?" (new NotFoundError("Could not open the file at c:\\Users\\kha\\AppData\\Local\\robocorp\\temp\\4d65822107fcf03a\\rust_mozprofilexCPqGJ\\search.json.mozlz4", (void 0)))
1656198442908	Marionette	INFO	Listening on port 57859
1656198443326	RemoteAgent	WARN	TLS certificate errors will be ignored for this session
JavaScript error: resource://gre/modules/XULStore.jsm, line 66: Error: Can't find profile directory.
JavaScript error: resource://gre/modules/XULStore.jsm, line 66: Error: Can't find profile directory.
console.warn: LoginRecipes: "getRecipes: falling back to a synchronous message for:" "https://robotsparebinindustries.com"
console.warn: LoginRecipes: "getRecipes: falling back to a synchronous message for:" "https://robotsparebinindustries.com"
JavaScript error: resource://gre/modules/AsyncShutdown.jsm, line 575: NotFoundError: No such JSWindowActor 'DevToolsFrame'
1656198593575	Marionette	INFO	Stopped listening on port 57859
1656198605338	geckodriver	INFO	Listening on 127.0.0.1:57959
1656198608349	mozrunner::runner	INFO	Running command: "C:\\Program Files\\Mozilla Firefox\\firefox.exe" "--marionette" "-foreground" "-no-remote" "-profile" "c:\\Users\\kha\\AppData\\Local\\robocorp\\temp\\4d65822107fcc8e6\\rust_mozprofileRMhM2n"
1656198608689	Marionette	INFO	Marionette enabled
console.warn: SearchSettings: "get: No settings file exists, new profile?" (new NotFoundError("Could not open the file at c:\\Users\\kha\\AppData\\Local\\robocorp\\temp\\4d65822107fcc8e6\\rust_mozprofileRMhM2n\\search.json.mozlz4", (void 0)))
1656198610664	Marionette	INFO	Listening on port 57967
1656198611009	RemoteAgent	WARN	TLS certificate errors will be ignored for this session
JavaScript error: resource://gre/modules/XULStore.jsm, line 66: Error: Can't find profile directory.
JavaScript error: resource://gre/modules/XULStore.jsm, line 66: Error: Can't find profile directory.
console.warn: LoginRecipes: "getRecipes: falling back to a synchronous message for:" "https://robotsparebinindustries.com"
console.warn: LoginRecipes: "getRecipes: falling back to a synchronous message for:" "https://robotsparebinindustries.com"
1656198619088	Marionette	INFO	Stopped listening on port 57967
1656198629033	geckodriver	INFO	Listening on 127.0.0.1:58049
1656198632081	mozrunner::runner	INFO	Running command: "C:\\Program Files\\Mozilla Firefox\\firefox.exe" "--marionette" "-foreground" "-no-remote" "-profile" "c:\\Users\\kha\\AppData\\Local\\robocorp\\temp\\4d65822107fcedee\\rust_mozprofileI7RWg1"
1656198632419	Marionette	INFO	Marionette enabled
console.warn: SearchSettings: "get: No settings file exists, new profile?" (new NotFoundError("Could not open the file at c:\\Users\\kha\\AppData\\Local\\robocorp\\temp\\4d65822107fcedee\\rust_mozprofileI7RWg1\\search.json.mozlz4", (void 0)))
1656198634553	Marionette	INFO	Listening on port 58058
1656198634732	RemoteAgent	WARN	TLS certificate errors will be ignored for this session
JavaScript error: resource://gre/modules/XULStore.jsm, line 66: Error: Can't find profile directory.
JavaScript error: resource://gre/modules/XULStore.jsm, line 66: Error: Can't find profile directory.
console.warn: LoginRecipes: "getRecipes: falling back to a synchronous message for:" "https://robotsparebinindustries.com"
console.warn: LoginRecipes: "getRecipes: falling back to a synchronous message for:" "https://robotsparebinindustries.com"
1656198695653	Marionette	INFO	Stopped listening on port 58058
1656198705873	geckodriver	INFO	Listening on 127.0.0.1:58148
1656198708924	mozrunner::runner	INFO	Running command: "C:\\Program Files\\Mozilla Firefox\\firefox.exe" "--marionette" "-foreground" "-no-remote" "-profile" "c:\\Users\\kha\\AppData\\Local\\robocorp\\temp\\4d65822107fccf06\\rust_mozprofile2ehwI2"
1656198709255	Marionette	INFO	Marionette enabled
console.warn: SearchSettings: "get: No settings file exists, new profile?" (new NotFoundError("Could not open the file at c:\\Users\\kha\\AppData\\Local\\robocorp\\temp\\4d65822107fccf06\\rust_mozprofile2ehwI2\\search.json.mozlz4", (void 0)))
1656198711449	Marionette	INFO	Listening on port 58156
1656198711577	RemoteAgent	WARN	TLS certificate errors will be ignored for this session
JavaScript error: resource://gre/modules/XULStore.jsm, line 66: Error: Can't find profile directory.
JavaScript error: resource://gre/modules/XULStore.jsm, line 66: Error: Can't find profile directory.
console.warn: LoginRecipes: "getRecipes: falling back to a synchronous message for:" "https://robotsparebinindustries.com"
console.warn: LoginRecipes: "getRecipes: falling back to a synchronous message for:" "https://robotsparebinindustries.com"
console.warn: LoginRecipes: "getRecipes: falling back to a synchronous message for:" "https://robotsparebinindustries.com"
